make Invaders --dry-run --keep-going --print-directory
make: Entering directory '/home/stefano/code/invaders/build/gmake'
echo "==== Building Invaders (debug_x86) ===="
make --no-print-directory -C . -f Invaders.make config=debug_x86
 
echo Alien.cpp
g++   -MMD -MP -D_HAS_EXCEPTIONS=0 -D_DEBUG -DDEBUG -I../.. -I../../external -m32 -O0 -g -Wall -Wextra -std=c++17 -fno-exceptions -fno-rtti -ffat-lto-objects -Wno-unused-parameter  -o "obj/x86/Debug/Alien.o" -MF "obj/x86/Debug/Alien.d" -c "../../src/Alien.cpp"
 
echo Collision.cpp
g++   -MMD -MP -D_HAS_EXCEPTIONS=0 -D_DEBUG -DDEBUG -I../.. -I../../external -m32 -O0 -g -Wall -Wextra -std=c++17 -fno-exceptions -fno-rtti -ffat-lto-objects -Wno-unused-parameter  -o "obj/x86/Debug/Collision.o" -MF "obj/x86/Debug/Collision.d" -c "../../src/Collision.cpp"
echo CollisionSpace.cpp
g++   -MMD -MP -D_HAS_EXCEPTIONS=0 -D_DEBUG -DDEBUG -I../.. -I../../external -m32 -O0 -g -Wall -Wextra -std=c++17 -fno-exceptions -fno-rtti -ffat-lto-objects -Wno-unused-parameter  -o "obj/x86/Debug/CollisionSpace.o" -MF "obj/x86/Debug/CollisionSpace.d" -c "../../src/CollisionSpace.cpp"
echo Console.cpp
g++   -MMD -MP -D_HAS_EXCEPTIONS=0 -D_DEBUG -DDEBUG -I../.. -I../../external -m32 -O0 -g -Wall -Wextra -std=c++17 -fno-exceptions -fno-rtti -ffat-lto-objects -Wno-unused-parameter  -o "obj/x86/Debug/Console.o" -MF "obj/x86/Debug/Console.d" -c "../../src/Console.cpp"
echo DLL.cpp
g++   -MMD -MP -D_HAS_EXCEPTIONS=0 -D_DEBUG -DDEBUG -I../.. -I../../external -m32 -O0 -g -Wall -Wextra -std=c++17 -fno-exceptions -fno-rtti -ffat-lto-objects -Wno-unused-parameter  -o "obj/x86/Debug/DLL.o" -MF "obj/x86/Debug/DLL.d" -c "../../src/DLL.cpp"
echo Explosion.cpp
g++   -MMD -MP -D_HAS_EXCEPTIONS=0 -D_DEBUG -DDEBUG -I../.. -I../../external -m32 -O0 -g -Wall -Wextra -std=c++17 -fno-exceptions -fno-rtti -ffat-lto-objects -Wno-unused-parameter  -o "obj/x86/Debug/Explosion.o" -MF "obj/x86/Debug/Explosion.d" -c "../../src/Explosion.cpp"
echo Game.cpp
g++   -MMD -MP -D_HAS_EXCEPTIONS=0 -D_DEBUG -DDEBUG -I../.. -I../../external -m32 -O0 -g -Wall -Wextra -std=c++17 -fno-exceptions -fno-rtti -ffat-lto-objects -Wno-unused-parameter  -o "obj/x86/Debug/Game.o" -MF "obj/x86/Debug/Game.d" -c "../../src/Game.cpp"
echo GameConfig.cpp
g++   -MMD -MP -D_HAS_EXCEPTIONS=0 -D_DEBUG -DDEBUG -I../.. -I../../external -m32 -O0 -g -Wall -Wextra -std=c++17 -fno-exceptions -fno-rtti -ffat-lto-objects -Wno-unused-parameter  -o "obj/x86/Debug/GameConfig.o" -MF "obj/x86/Debug/GameConfig.d" -c "../../src/GameConfig.cpp"
echo GameEvents.cpp
g++   -MMD -MP -D_HAS_EXCEPTIONS=0 -D_DEBUG -DDEBUG -I../.. -I../../external -m32 -O0 -g -Wall -Wextra -std=c++17 -fno-exceptions -fno-rtti -ffat-lto-objects -Wno-unused-parameter  -o "obj/x86/Debug/GameEvents.o" -MF "obj/x86/Debug/GameEvents.d" -c "../../src/GameEvents.cpp"
echo GameOverState.cpp
g++   -MMD -MP -D_HAS_EXCEPTIONS=0 -D_DEBUG -DDEBUG -I../.. -I../../external -m32 -O0 -g -Wall -Wextra -std=c++17 -fno-exceptions -fno-rtti -ffat-lto-objects -Wno-unused-parameter  -o "obj/x86/Debug/GameOverState.o" -MF "obj/x86/Debug/GameOverState.d" -c "../../src/GameOverState.cpp"
echo GameStateMgr.cpp
g++   -MMD -MP -D_HAS_EXCEPTIONS=0 -D_DEBUG -DDEBUG -I../.. -I../../external -m32 -O0 -g -Wall -Wextra -std=c++17 -fno-exceptions -fno-rtti -ffat-lto-objects -Wno-unused-parameter  -o "obj/x86/Debug/GameStateMgr.o" -MF "obj/x86/Debug/GameStateMgr.d" -c "../../src/GameStateMgr.cpp"
echo HandleManager.cpp
g++   -MMD -MP -D_HAS_EXCEPTIONS=0 -D_DEBUG -DDEBUG -I../.. -I../../external -m32 -O0 -g -Wall -Wextra -std=c++17 -fno-exceptions -fno-rtti -ffat-lto-objects -Wno-unused-parameter  -o "obj/x86/Debug/HandleManager.o" -MF "obj/x86/Debug/HandleManager.d" -c "../../src/HandleManager.cpp"
echo Images.cpp
g++   -MMD -MP -D_HAS_EXCEPTIONS=0 -D_DEBUG -DDEBUG -I../.. -I../../external -m32 -O0 -g -Wall -Wextra -std=c++17 -fno-exceptions -fno-rtti -ffat-lto-objects -Wno-unused-parameter  -o "obj/x86/Debug/Images.o" -MF "obj/x86/Debug/Images.d" -c "../../src/Images.cpp"
echo Input.cpp
g++   -MMD -MP -D_HAS_EXCEPTIONS=0 -D_DEBUG -DDEBUG -I../.. -I../../external -m32 -O0 -g -Wall -Wextra -std=c++17 -fno-exceptions -fno-rtti -ffat-lto-objects -Wno-unused-parameter  -o "obj/x86/Debug/Input.o" -MF "obj/x86/Debug/Input.d" -c "../../src/Input.cpp"
echo IntroScreen.cpp
g++   -MMD -MP -D_HAS_EXCEPTIONS=0 -D_DEBUG -DDEBUG -I../.. -I../../external -m32 -O0 -g -Wall -Wextra -std=c++17 -fno-exceptions -fno-rtti -ffat-lto-objects -Wno-unused-parameter  -o "obj/x86/Debug/IntroScreen.o" -MF "obj/x86/Debug/IntroScreen.d" -c "../../src/IntroScreen.cpp"
echo Laser.cpp
g++   -MMD -MP -D_HAS_EXCEPTIONS=0 -D_DEBUG -DDEBUG -I../.. -I../../external -m32 -O0 -g -Wall -Wextra -std=c++17 -fno-exceptions -fno-rtti -ffat-lto-objects -Wno-unused-parameter  -o "obj/x86/Debug/Laser.o" -MF "obj/x86/Debug/Laser.d" -c "../../src/Laser.cpp"
echo MessageLog.cpp
 
g++   -MMD -MP -D_HAS_EXCEPTIONS=0 -D_DEBUG -DDEBUG -I../.. -I../../external -m32 -O0 -g -Wall -Wextra -std=c++17 -fno-exceptions -fno-rtti -ffat-lto-objects -Wno-unused-parameter  -o "obj/x86/Debug/MessageLog.o" -MF "obj/x86/Debug/MessageLog.d" -c "../../src/MessageLog.cpp"
echo PauseScreen.cpp
g++   -MMD -MP -D_HAS_EXCEPTIONS=0 -D_DEBUG -DDEBUG -I../.. -I../../external -m32 -O0 -g -Wall -Wextra -std=c++17 -fno-exceptions -fno-rtti -ffat-lto-objects -Wno-unused-parameter  -o "obj/x86/Debug/PauseScreen.o" -MF "obj/x86/Debug/PauseScreen.d" -c "../../src/PauseScreen.cpp"
echo PlayField.cpp
g++   -MMD -MP -D_HAS_EXCEPTIONS=0 -D_DEBUG -DDEBUG -I../.. -I../../external -m32 -O0 -g -Wall -Wextra -std=c++17 -fno-exceptions -fno-rtti -ffat-lto-objects -Wno-unused-parameter  -o "obj/x86/Debug/PlayField.o" -MF "obj/x86/Debug/PlayField.d" -c "../../src/PlayField.cpp"
echo PlayGameState.cpp
g++   -MMD -MP -D_HAS_EXCEPTIONS=0 -D_DEBUG -DDEBUG -I../.. -I../../external -m32 -O0 -g -Wall -Wextra -std=c++17 -fno-exceptions -fno-rtti -ffat-lto-objects -Wno-unused-parameter  -o "obj/x86/Debug/PlayGameState.o" -MF "obj/x86/Debug/PlayGameState.d" -c "../../src/PlayGameState.cpp"
echo Player.cpp
g++   -MMD -MP -D_HAS_EXCEPTIONS=0 -D_DEBUG -DDEBUG -I../.. -I../../external -m32 -O0 -g -Wall -Wextra -std=c++17 -fno-exceptions -fno-rtti -ffat-lto-objects -Wno-unused-parameter  -o "obj/x86/Debug/Player.o" -MF "obj/x86/Debug/Player.d" -c "../../src/Player.cpp"
echo PowerUp.cpp
g++   -MMD -MP -D_HAS_EXCEPTIONS=0 -D_DEBUG -DDEBUG -I../.. -I../../external -m32 -O0 -g -Wall -Wextra -std=c++17 -fno-exceptions -fno-rtti -ffat-lto-objects -Wno-unused-parameter  -o "obj/x86/Debug/PowerUp.o" -MF "obj/x86/Debug/PowerUp.d" -c "../../src/PowerUp.cpp"
 
echo Prefabs.cpp
g++   -MMD -MP -D_HAS_EXCEPTIONS=0 -D_DEBUG -DDEBUG -I../.. -I../../external -m32 -O0 -g -Wall -Wextra -std=c++17 -fno-exceptions -fno-rtti -ffat-lto-objects -Wno-unused-parameter  -o "obj/x86/Debug/Prefabs.o" -MF "obj/x86/Debug/Prefabs.d" -c "../../src/Prefabs.cpp"
echo Random.cpp
g++   -MMD -MP -D_HAS_EXCEPTIONS=0 -D_DEBUG -DDEBUG -I../.. -I../../external -m32 -O0 -g -Wall -Wextra -std=c++17 -fno-exceptions -fno-rtti -ffat-lto-objects -Wno-unused-parameter  -o "obj/x86/Debug/Random.o" -MF "obj/x86/Debug/Random.d" -c "../../src/Random.cpp"
echo RenderItem.cpp
g++   -MMD -MP -D_HAS_EXCEPTIONS=0 -D_DEBUG -DDEBUG -I../.. -I../../external -m32 -O0 -g -Wall -Wextra -std=c++17 -fno-exceptions -fno-rtti -ffat-lto-objects -Wno-unused-parameter  -o "obj/x86/Debug/RenderItem.o" -MF "obj/x86/Debug/RenderItem.d" -c "../../src/RenderItem.cpp"
echo Renderer.cpp
g++   -MMD -MP -D_HAS_EXCEPTIONS=0 -D_DEBUG -DDEBUG -I../.. -I../../external -m32 -O0 -g -Wall -Wextra -std=c++17 -fno-exceptions -fno-rtti -ffat-lto-objects -Wno-unused-parameter  -o "obj/x86/Debug/Renderer.o" -MF "obj/x86/Debug/Renderer.d" -c "../../src/Renderer.cpp"
echo SpaceRaiders.cpp
 
g++   -MMD -MP -D_HAS_EXCEPTIONS=0 -D_DEBUG -DDEBUG -I../.. -I../../external -m32 -O0 -g -Wall -Wextra -std=c++17 -fno-exceptions -fno-rtti -ffat-lto-objects -Wno-unused-parameter  -o "obj/x86/Debug/SpaceRaiders.o" -MF "obj/x86/Debug/SpaceRaiders.d" -c "../../src/SpaceRaiders.cpp"
echo StartMenu.cpp
g++   -MMD -MP -D_HAS_EXCEPTIONS=0 -D_DEBUG -DDEBUG -I../.. -I../../external -m32 -O0 -g -Wall -Wextra -std=c++17 -fno-exceptions -fno-rtti -ffat-lto-objects -Wno-unused-parameter  -o "obj/x86/Debug/StartMenu.o" -MF "obj/x86/Debug/StartMenu.d" -c "../../src/StartMenu.cpp"
echo Vector2D.cpp
g++   -MMD -MP -D_HAS_EXCEPTIONS=0 -D_DEBUG -DDEBUG -I../.. -I../../external -m32 -O0 -g -Wall -Wextra -std=c++17 -fno-exceptions -fno-rtti -ffat-lto-objects -Wno-unused-parameter  -o "obj/x86/Debug/Vector2D.o" -MF "obj/x86/Debug/Vector2D.d" -c "../../src/Vector2D.cpp"
echo VictoryScreen.cpp
g++   -MMD -MP -D_HAS_EXCEPTIONS=0 -D_DEBUG -DDEBUG -I../.. -I../../external -m32 -O0 -g -Wall -Wextra -std=c++17 -fno-exceptions -fno-rtti -ffat-lto-objects -Wno-unused-parameter  -o "obj/x86/Debug/VictoryScreen.o" -MF "obj/x86/Debug/VictoryScreen.d" -c "../../src/VictoryScreen.cpp"
 
echo VisualManager.cpp
g++   -MMD -MP -D_HAS_EXCEPTIONS=0 -D_DEBUG -DDEBUG -I../.. -I../../external -m32 -O0 -g -Wall -Wextra -std=c++17 -fno-exceptions -fno-rtti -ffat-lto-objects -Wno-unused-parameter  -o "obj/x86/Debug/VisualManager.o" -MF "obj/x86/Debug/VisualManager.d" -c "../../src/VisualManager.cpp"
echo Wall.cpp
g++   -MMD -MP -D_HAS_EXCEPTIONS=0 -D_DEBUG -DDEBUG -I../.. -I../../external -m32 -O0 -g -Wall -Wextra -std=c++17 -fno-exceptions -fno-rtti -ffat-lto-objects -Wno-unused-parameter  -o "obj/x86/Debug/Wall.o" -MF "obj/x86/Debug/Wall.d" -c "../../src/Wall.cpp"
echo Win32Console.cpp
g++   -MMD -MP -D_HAS_EXCEPTIONS=0 -D_DEBUG -DDEBUG -I../.. -I../../external -m32 -O0 -g -Wall -Wextra -std=c++17 -fno-exceptions -fno-rtti -ffat-lto-objects -Wno-unused-parameter  -o "obj/x86/Debug/Win32Console.o" -MF "obj/x86/Debug/Win32Console.d" -c "../../src/Win32Console.cpp"
echo Creating bin/x86/Debug
mkdir -p bin/x86/Debug
echo Linking Invaders
g++ -o "bin/x86/Debug/Invaders" obj/x86/Debug/Alien.o obj/x86/Debug/Collision.o obj/x86/Debug/CollisionSpace.o obj/x86/Debug/Console.o obj/x86/Debug/DLL.o obj/x86/Debug/Explosion.o obj/x86/Debug/Game.o obj/x86/Debug/GameConfig.o obj/x86/Debug/GameEvents.o obj/x86/Debug/GameOverState.o obj/x86/Debug/GameStateMgr.o obj/x86/Debug/HandleManager.o obj/x86/Debug/Images.o obj/x86/Debug/Input.o obj/x86/Debug/IntroScreen.o obj/x86/Debug/Laser.o obj/x86/Debug/MessageLog.o obj/x86/Debug/PauseScreen.o obj/x86/Debug/PlayField.o obj/x86/Debug/PlayGameState.o obj/x86/Debug/Player.o obj/x86/Debug/PowerUp.o obj/x86/Debug/Prefabs.o obj/x86/Debug/Random.o obj/x86/Debug/RenderItem.o obj/x86/Debug/Renderer.o obj/x86/Debug/SpaceRaiders.o obj/x86/Debug/StartMenu.o obj/x86/Debug/Vector2D.o obj/x86/Debug/VictoryScreen.o obj/x86/Debug/VisualManager.o obj/x86/Debug/Wall.o obj/x86/Debug/Win32Console.o    -L/usr/lib32 -m32 -linih
 
:
 
make: Leaving directory '/home/stefano/code/invaders/build/gmake'
 
